<?xml version="1.0" encoding="UTF-8"?>
<testng-results ignored="0" total="1" passed="1" failed="0" skipped="0">
  <reporter-output>
    <line>
      <![CDATA[Successfully Launched Chrome Browser]]>
    </line>
    <line>
      <![CDATA[Browser window is maximized successfully]]>
    </line>
  </reporter-output>
  <suite started-at="2022-03-03T09:03:19 IST" name="Default suite" finished-at="2022-03-03T09:03:53 IST" duration-ms="34760">
    <groups>
    </groups>
    <test started-at="2022-03-03T09:03:19 IST" name="Default test" finished-at="2022-03-03T09:03:53 IST" duration-ms="34760">
      <class name="users.TC_Time_Track_03Test">
        <test-method is-config="true" signature="openTheBrowser(java.lang.String)[pri:0, instance:users.TC_Time_Track_03Test@61386958]" started-at="2022-03-03T09:03:19 IST" name="openTheBrowser" finished-at="2022-03-03T09:03:21 IST" duration-ms="1882" status="PASS">
          <params>
            <param index="0">
              <value>
                <![CDATA[chrome]]>
              </value>
            </param>
          </params>
          <reporter-output>
            <line>
              <![CDATA[Successfully Launched Chrome Browser]]>
            </line>
            <line>
              <![CDATA[Browser window is maximized successfully]]>
            </line>
          </reporter-output>
        </test-method> <!-- openTheBrowser -->
        <test-method is-config="true" signature="loginToApplication()[pri:0, instance:users.TC_Time_Track_03Test@61386958]" started-at="2022-03-03T09:03:21 IST" name="loginToApplication" finished-at="2022-03-03T09:03:26 IST" duration-ms="4981" status="PASS">
          <reporter-output>
          </reporter-output>
        </test-method> <!-- loginToApplication -->
        <test-method signature="modifyingCreatedTask()[pri:0, instance:users.TC_Time_Track_03Test@61386958]" started-at="2022-03-03T09:03:26 IST" name="modifyingCreatedTask" finished-at="2022-03-03T09:03:51 IST" duration-ms="25418" status="PASS">
          <reporter-output>
          </reporter-output>
        </test-method> <!-- modifyingCreatedTask -->
        <test-method is-config="true" signature="logoutOfApplication()[pri:0, instance:users.TC_Time_Track_03Test@61386958]" started-at="2022-03-03T09:03:51 IST" name="logoutOfApplication" finished-at="2022-03-03T09:03:53 IST" duration-ms="1803" status="PASS">
          <reporter-output>
          </reporter-output>
        </test-method> <!-- logoutOfApplication -->
        <test-method is-config="true" signature="closeTheBrowser()[pri:0, instance:users.TC_Time_Track_03Test@61386958]" started-at="2022-03-03T09:03:53 IST" name="closeTheBrowser" finished-at="2022-03-03T09:03:53 IST" duration-ms="648" status="PASS">
          <reporter-output>
          </reporter-output>
        </test-method> <!-- closeTheBrowser -->
      </class> <!-- users.TC_Time_Track_03Test -->
    </test> <!-- Default test -->
  </suite> <!-- Default suite -->
</testng-results>
